Build started 9/16/2015 11:40:10 AM.
     1>Project "C:\Users\Andrew\Documents\GitHub\BItStreamParsingTask\BItStreamParsingTask\BItStreamParsingTask.vcxproj" on node 2 (Build target(s)).
     1>ClCompile:
         C:\Program Files (x86)\Microsoft Visual Studio 14.0\VC\bin\CL.exe /c /Zi /nologo /W3 /WX- /sdl /O2 /Oi /Oy- /GL /D _MBCS /Gm- /EHsc /MD /GS /Gy /fp:precise /Zc:wchar_t /Zc:forScope /Zc:inline /Fo"Release\\" /Fd"Release\vc140.pdb" /Gd /TP /analyze- /errorReport:prompt BaseHex2Bitset.cpp DataStreamException.cpp Hex2Bitset.cpp Main.cpp MapHex2Bitset.cpp
         BaseHex2Bitset.cpp
     1>BaseHex2Bitset.cpp(10): warning C4018: '<': signed/unsigned mismatch
     1>BaseHex2Bitset.cpp(14): warning C4800: 'int': forcing value to bool 'true' or 'false' (performance warning)
         DataStreamException.cpp
         Hex2Bitset.cpp
         Main.cpp
     1>Main.cpp(22): warning C4244: 'argument': conversion from 'time_t' to 'unsigned int', possible loss of data
         MapHex2Bitset.cpp
       Link:
         C:\Program Files (x86)\Microsoft Visual Studio 14.0\VC\bin\link.exe /ERRORREPORT:PROMPT /OUT:"C:\Users\Andrew\Documents\GitHub\BItStreamParsingTask\Release\BItStreamParsingTask.exe" /NOLOGO kernel32.lib user32.lib gdi32.lib winspool.lib comdlg32.lib advapi32.lib shell32.lib ole32.lib oleaut32.lib uuid.lib odbc32.lib odbccp32.lib /MANIFEST /MANIFESTUAC:"level='asInvoker' uiAccess='false'" /manifest:embed /Debug /PDB:"C:\Users\Andrew\Documents\GitHub\BItStreamParsingTask\Release\BItStreamParsingTask.pdb" /OPT:REF /OPT:ICF /LTCG:incremental /TLBID:1 /DYNAMICBASE /NXCOMPAT /IMPLIB:"C:\Users\Andrew\Documents\GitHub\BItStreamParsingTask\Release\BItStreamParsingTask.lib" /MACHINE:X86 /SAFESEH Release\BaseHex2Bitset.obj
         Release\DataStreamException.obj
         Release\Hex2Bitset.obj
         Release\Main.obj
         Release\MapHex2Bitset.obj
         Generating code
         All 543 functions were compiled because no usable IPDB/IOBJ from previous compilation was found.
         Finished generating code
         BItStreamParsingTask.vcxproj -> C:\Users\Andrew\Documents\GitHub\BItStreamParsingTask\Release\BItStreamParsingTask.exe
     1>Done Building Project "C:\Users\Andrew\Documents\GitHub\BItStreamParsingTask\BItStreamParsingTask\BItStreamParsingTask.vcxproj" (Build target(s)).

Build succeeded.

Time Elapsed 00:00:09.67
