Build started 9/16/2015 12:34:30 PM.
     1>Project "C:\Users\Andrew\Documents\GitHub\BItStreamParsingTask\BItStreamParsingTask\BItStreamParsingTask.vcxproj" on node 2 (Build target(s)).
     1>ClCompile:
         C:\Program Files (x86)\Microsoft Visual Studio 14.0\VC\bin\x86_amd64\CL.exe /c /Zi /nologo /W3 /WX- /sdl /O2 /Oi /GL /D _MBCS /Gm- /EHsc /MD /GS /Gy /fp:precise /Zc:wchar_t /Zc:forScope /Zc:inline /Fo"x64\Release\\" /Fd"x64\Release\vc140.pdb" /Gd /TP /errorReport:prompt Main.cpp MapHex2Bitset.cpp
         Main.cpp
     1>Main.cpp(22): warning C4244: 'argument': conversion from 'time_t' to 'unsigned int', possible loss of data
         MapHex2Bitset.cpp
       Link:
         C:\Program Files (x86)\Microsoft Visual Studio 14.0\VC\bin\x86_amd64\link.exe /ERRORREPORT:PROMPT /OUT:"C:\Users\Andrew\Documents\GitHub\BItStreamParsingTask\x64\Release\BItStreamParsingTask.exe" /NOLOGO kernel32.lib user32.lib gdi32.lib winspool.lib comdlg32.lib advapi32.lib shell32.lib ole32.lib oleaut32.lib uuid.lib odbc32.lib odbccp32.lib /MANIFEST /MANIFESTUAC:"level='asInvoker' uiAccess='false'" /manifest:embed /Debug /PDB:"C:\Users\Andrew\Documents\GitHub\BItStreamParsingTask\x64\Release\BItStreamParsingTask.pdb" /OPT:REF /OPT:ICF /LTCG:incremental /TLBID:1 /DYNAMICBASE /NXCOMPAT /IMPLIB:"C:\Users\Andrew\Documents\GitHub\BItStreamParsingTask\x64\Release\BItStreamParsingTask.lib" /MACHINE:X64 x64\Release\BaseHex2Bitset.obj
         x64\Release\DataStreamException.obj
         x64\Release\Hex2Bitset.obj
         x64\Release\Main.obj
         x64\Release\MapHex2Bitset.obj
         Generating code
         3 of 583 functions ( 0.5%) were compiled, the rest were copied from previous compilation.
           0 functions were new in current compilation
           6 functions had inline decision re-evaluated but remain unchanged
         Finished generating code
         BItStreamParsingTask.vcxproj -> C:\Users\Andrew\Documents\GitHub\BItStreamParsingTask\x64\Release\BItStreamParsingTask.exe
     1>Done Building Project "C:\Users\Andrew\Documents\GitHub\BItStreamParsingTask\BItStreamParsingTask\BItStreamParsingTask.vcxproj" (Build target(s)).

Build succeeded.

Time Elapsed 00:00:18.60
