Build started 9/17/2015 4:23:27 PM.
     1>Project "C:\Users\Andrew\Documents\GitHub\BItStreamParsingTask\BItStreamParsingTask\BItStreamParsingTask.vcxproj" on node 2 (Build target(s)).
     1>ClCompile:
         C:\Program Files (x86)\Microsoft Visual Studio 14.0\VC\bin\CL.exe /c /ZI /nologo /W3 /WX- /sdl /Od /Oy- /D _MBCS /Gm /EHsc /RTC1 /MDd /GS /fp:precise /Zc:wchar_t /Zc:forScope /Zc:inline /Fo"Debug\\" /Fd"Debug\vc140.pdb" /FR"Debug\\" /Gd /TP /analyze- /errorReport:prompt MapHex2Bitset.cpp
         MapHex2Bitset.cpp
     1>c:\users\andrew\documents\github\bitstreamparsingtask\bitstreamparsingtask\maphex2bitset.cpp(10): warning C4018: '<': signed/unsigned mismatch
     1>c:\users\andrew\documents\github\bitstreamparsingtask\bitstreamparsingtask\maphex2bitset.cpp(26): warning C4018: '<': signed/unsigned mismatch
     1>c:\users\andrew\documents\github\bitstreamparsingtask\bitstreamparsingtask\maphex2bitset.cpp(28): warning C4018: '<': signed/unsigned mismatch
       Link:
         C:\Program Files (x86)\Microsoft Visual Studio 14.0\VC\bin\link.exe /ERRORREPORT:PROMPT /OUT:"C:\Users\Andrew\Documents\GitHub\BItStreamParsingTask\Debug\BItStreamParsingTask.exe" /INCREMENTAL /NOLOGO kernel32.lib user32.lib gdi32.lib winspool.lib comdlg32.lib advapi32.lib shell32.lib ole32.lib oleaut32.lib uuid.lib odbc32.lib odbccp32.lib /MANIFEST /MANIFESTUAC:"level='asInvoker' uiAccess='false'" /manifest:embed /Debug /PDB:"C:\Users\Andrew\Documents\GitHub\BItStreamParsingTask\Debug\BItStreamParsingTask.pdb" /TLBID:1 /DYNAMICBASE /NXCOMPAT /IMPLIB:"C:\Users\Andrew\Documents\GitHub\BItStreamParsingTask\Debug\BItStreamParsingTask.lib" /MACHINE:X86 Debug\BaseBitParser.obj
         Debug\BaseHex2Bitset.obj
         Debug\BitParser.obj
         Debug\DataStreamException.obj
         Debug\UNUSEDExtremePointsBitParser.obj
         Debug\Hex2Bitset.obj
         Debug\Main.obj
         Debug\MapHex2Bitset.obj
         Debug\PObject.obj
         Debug\PType1.obj
         Debug\PType2.obj
         Debug\PType3.obj
         Debug\PType4.obj
         BItStreamParsingTask.vcxproj -> C:\Users\Andrew\Documents\GitHub\BItStreamParsingTask\Debug\BItStreamParsingTask.exe
       BscMake:
         C:\Program Files (x86)\Microsoft Visual Studio 14.0\VC\bin\bscmake.exe /nologo /o"C:\Users\Andrew\Documents\GitHub\BItStreamParsingTask\Debug\BItStreamParsingTask.bsc" /n Debug\BaseBitParser.sbr Debug\BaseHex2Bitset.sbr Debug\BitParser.sbr Debug\DataStreamException.sbr Debug\UNUSEDExtremePointsBitParser.sbr Debug\Hex2Bitset.sbr Debug\Main.sbr Debug\MapHex2Bitset.sbr Debug\PObject.sbr Debug\PType1.sbr Debug\PType2.sbr Debug\PType3.sbr Debug\PType4.sbr
     1>Done Building Project "C:\Users\Andrew\Documents\GitHub\BItStreamParsingTask\BItStreamParsingTask\BItStreamParsingTask.vcxproj" (Build target(s)).

Build succeeded.

Time Elapsed 00:00:04.72
